<?xml version="1.0" encoding="UTF-8"?>
<testng-results ignored="0" total="1" passed="0" failed="1" skipped="0">
  <reporter-output>
    <line>
      <![CDATA[Title is matching:Login Dolibarr 3.3.1]]>
    </line>
    <line>
      <![CDATA[Username is:admin]]>
    </line>
    <line>
      <![CDATA[Password is:admin]]>
    </line>
    <line>
      <![CDATA[Title is matching:Dolibarr]]>
    </line>
    <line>
      <![CDATA[Title is matching:Dolibarr]]>
    </line>
    <line>
      <![CDATA[Title is not matching;Expected title is:Dolibarr ]]>
    </line>
    <line>
      <![CDATA[Actual title is:Dolibarr]]>
    </line>
  </reporter-output>
  <suite started-at="2018-07-20T11:00:29Z" name="Default suite" finished-at="2018-07-20T11:00:56Z" duration-ms="26788">
    <groups>
    </groups>
    <test started-at="2018-07-20T11:00:29Z" name="Default test" finished-at="2018-07-20T11:00:56Z" duration-ms="26788">
      <class name="com.vibgyor.tests.LoginTest">
        <test-method is-config="true" signature="preCondition()[pri:0, instance:com.vibgyor.tests.LoginTest@fa49800]" started-at="2018-07-20T11:00:29Z" name="preCondition" finished-at="2018-07-20T11:00:39Z" duration-ms="10172" status="PASS">
          <reporter-output>
          </reporter-output>
        </test-method> <!-- preCondition -->
        <test-method signature="testValidLoginLogout()[pri:1, instance:com.vibgyor.tests.LoginTest@fa49800]" started-at="2018-07-20T11:00:39Z" name="testValidLoginLogout" finished-at="2018-07-20T11:00:55Z" duration-ms="15494" status="FAIL">
          <exception class="java.lang.AssertionError">
            <message>
              <![CDATA[null]]>
            </message>
            <full-stacktrace>
              <![CDATA[java.lang.AssertionError: null
at org.testng.Assert.fail(Assert.java:96)
at org.testng.Assert.fail(Assert.java:103)
at com.vibgyor.generic.BasePage.verifyTitle(BasePage.java:31)
at com.vibgyor.pages.LoginPage.verifyTheTitle(LoginPage.java:32)
at com.vibgyor.tests.LoginTest.testValidLoginLogout(LoginTest.java:58)
at java.base/jdk.internal.reflect.NativeMethodAccessorImpl.invoke0(Native Method)
at java.base/jdk.internal.reflect.NativeMethodAccessorImpl.invoke(Unknown Source)
at java.base/jdk.internal.reflect.DelegatingMethodAccessorImpl.invoke(Unknown Source)
at java.base/java.lang.reflect.Method.invoke(Unknown Source)
at org.testng.internal.MethodInvocationHelper.invokeMethod(MethodInvocationHelper.java:124)
at org.testng.internal.Invoker.invokeMethod(Invoker.java:580)
at org.testng.internal.Invoker.invokeTestMethod(Invoker.java:716)
at org.testng.internal.Invoker.invokeTestMethods(Invoker.java:988)
at org.testng.internal.TestMethodWorker.invokeTestMethods(TestMethodWorker.java:125)
at org.testng.internal.TestMethodWorker.run(TestMethodWorker.java:109)
at org.testng.TestRunner.privateRun(TestRunner.java:648)
at org.testng.TestRunner.run(TestRunner.java:505)
at org.testng.SuiteRunner.runTest(SuiteRunner.java:455)
at org.testng.SuiteRunner.runSequentially(SuiteRunner.java:450)
at org.testng.SuiteRunner.privateRun(SuiteRunner.java:415)
at org.testng.SuiteRunner.run(SuiteRunner.java:364)
at org.testng.SuiteRunnerWorker.runSuite(SuiteRunnerWorker.java:52)
at org.testng.SuiteRunnerWorker.run(SuiteRunnerWorker.java:84)
at org.testng.TestNG.runSuitesSequentially(TestNG.java:1208)
at org.testng.TestNG.runSuitesLocally(TestNG.java:1137)
at org.testng.TestNG.runSuites(TestNG.java:1049)
at org.testng.TestNG.run(TestNG.java:1017)
at org.testng.remote.AbstractRemoteTestNG.run(AbstractRemoteTestNG.java:114)
at org.testng.remote.RemoteTestNG.initAndRun(RemoteTestNG.java:251)
at org.testng.remote.RemoteTestNG.main(RemoteTestNG.java:77)
]]>
            </full-stacktrace>
          </exception> <!-- java.lang.AssertionError -->
          <reporter-output>
            <line>
              <![CDATA[Title is matching:Login Dolibarr 3.3.1]]>
            </line>
            <line>
              <![CDATA[Username is:admin]]>
            </line>
            <line>
              <![CDATA[Password is:admin]]>
            </line>
            <line>
              <![CDATA[Title is matching:Dolibarr]]>
            </line>
            <line>
              <![CDATA[Title is matching:Dolibarr]]>
            </line>
            <line>
              <![CDATA[Title is not matching;Expected title is:Dolibarr ]]>
            </line>
            <line>
              <![CDATA[Actual title is:Dolibarr]]>
            </line>
          </reporter-output>
        </test-method> <!-- testValidLoginLogout -->
        <test-method is-config="true" signature="postCondition(org.testng.ITestResult)[pri:0, instance:com.vibgyor.tests.LoginTest@fa49800]" started-at="2018-07-20T11:00:55Z" name="postCondition" finished-at="2018-07-20T11:00:56Z" duration-ms="1087" status="PASS">
          <params>
            <param index="0">
              <value>
                <![CDATA[[TestResult name=testValidLoginLogout status=FAILURE method=LoginTest.testValidLoginLogout()[pri:1, instance:com.vibgyor.tests.LoginTest@fa49800] output=Title is matching:Login Dolibarr 3.3.1]]]>
              </value>
            </param>
          </params>
          <reporter-output>
          </reporter-output>
        </test-method> <!-- postCondition -->
      </class> <!-- com.vibgyor.tests.LoginTest -->
    </test> <!-- Default test -->
  </suite> <!-- Default suite -->
</testng-results>
